<?xml version="1.0" encoding="UTF-8"?>
<!-- Generated by org.testng.reporters.JUnitReportReporter -->
<testsuite hostname="MJBPUNL013" failures="0" tests="3" name="com.hailo.qa.testcases.LoginPageTest" time="75.727" errors="0" timestamp="07 Jan 2021 14:51:08 GMT" skipped="0">
  <testcase classname="com.hailo.qa.testcases.LoginPageTest" name="loginPageTitleTest" time="21.274"/>
  <testcase classname="com.hailo.qa.testcases.LoginPageTest" name="loginPageLogoTest" time="23.389"/>
  <testcase classname="com.hailo.qa.testcases.LoginPageTest" name="loginTest" time="31.064"/>
</testsuite> <!-- com.hailo.qa.testcases.LoginPageTest -->
