<?xml version="1.0" encoding="UTF-8"?>
<!-- Generated by org.testng.reporters.JUnitReportReporter -->
<testsuite hostname="MJBPUNL013" failures="0" tests="1" name="com.hailo.qa.testcases.AddSupplierTest" time="38.028" errors="0" timestamp="07 Jan 2021 14:51:08 GMT" skipped="0">
  <testcase classname="com.hailo.qa.testcases.AddSupplierTest" name="createNewSupplier" time="38.028"/>
</testsuite> <!-- com.hailo.qa.testcases.AddSupplierTest -->
