<?xml version="1.0" encoding="UTF-8"?>
<!-- Generated by org.testng.reporters.JUnitReportReporter -->
<testsuite skipped="0" hostname="DESKTOP-PGP87JA" name="com.hailo.qa.testcases.AddPromoItemTest" tests="1" failures="0" timestamp="09 Jan 2021 14:11:52 GMT" time="49.636" errors="0">
  <testcase name="createNewSupplier" time="49.636" classname="com.hailo.qa.testcases.AddPromoItemTest"/>
</testsuite> <!-- com.hailo.qa.testcases.AddPromoItemTest -->
